[21:18:00] [INFO] Creating Window -> Neovoid [1280, 720]
[21:18:00] [INFO] Created Window -> 0x3ac097e
[21:18:00] [INFO] Created Device -> 0x7ff64abe6000
[21:18:00] [INFO] Created Swap Chain -> 0x7ff64abe5ff8
[21:18:00] [INFO] Created Device Context -> 0x7ff64abe5ff0
[21:18:00] [INFO] Found Back Buffer -> 0x34f22fead8
[21:18:00] [INFO] Created Render Target View -> 0x7ff64abe6018
[21:18:00] [INFO] Created Depth Stencil State -> 0x7ff64abe6020
[21:18:00] [INFO] Created Depth Stencil View -> 0x7ff64abe6008
[21:18:00] [INFO] Created Rasterizer State -> 0x7ff64abe6010
[21:18:00] [INFO] Created Blend State -> 0x7ff64abe6028
[21:18:00] [INFO] DirectX 11 initialized successfully
[21:18:00] [DEBUG] Camera Position: [0, 0, 0]
[21:18:01] [DEBUG] Camera Position: [0, 0, 0]
[21:18:02] [DEBUG] Camera Position: [0, 0, 0]
[21:18:03] [DEBUG] Camera Position: [0, 0, 0]
[21:18:03] [DEBUG] Camera Position: [0, 0, 0]
[21:18:03] [DEBUG] Camera Position: [0, 0, 0]
[21:18:04] [DEBUG] Camera Position: [0, 0, -0.32768023]
[21:18:04] [DEBUG] Camera Position: [0.1553519, 0, -0.5056494]
[21:18:04] [DEBUG] Camera Position: [0.2829834, 0, -0.5056494]
[21:18:05] [DEBUG] Camera Position: [-0.05575019, 0, -0.5056494]
[21:18:05] [DEBUG] Camera Position: [-0.17239662, 0, -0.5056494]
[21:18:05] [DEBUG] Camera Position: [-0.17239662, 0, -0.5056494]
[21:18:06] [DEBUG] Camera Position: [-0.17239662, 0, -0.5056494]
[21:18:06] [DEBUG] Camera Position: [-0.17239662, 0, -0.5056494]
[21:18:06] [DEBUG] Camera Position: [-0.17239662, 0, -0.6835097]
[21:18:07] [DEBUG] Camera Position: [-0.17239662, 0, -1.0168084]
[21:18:07] [DEBUG] Camera Position: [-0.17239662, 0, -1.3556678]
[21:18:07] [DEBUG] Camera Position: [-0.17239662, 0, -1.5167516]
[21:18:08] [DEBUG] Camera Position: [-0.17239662, 0, -1.2386031]
[21:18:08] [DEBUG] Camera Position: [-0.17239662, 0, -0.905638]
[21:18:08] [DEBUG] Camera Position: [-0.17239662, 0, -0.57194734]
[21:18:09] [DEBUG] Camera Position: [-0.17239662, 0, -0.26671678]
[21:18:09] [DEBUG] Camera Position: [-0.17239662, 0, -0.47215113]
[21:18:09] [DEBUG] Camera Position: [-0.17239662, 0, -0.8054931]
[21:18:10] [DEBUG] Camera Position: [-0.17239662, 0, -1.1390474]
[21:18:10] [DEBUG] Camera Position: [-0.03913062, 0, -1.2390403]
[21:18:10] [DEBUG] Camera Position: [0.2943958, 0, -1.2390403]
[21:18:11] [DEBUG] Camera Position: [0.6285865, 0, -1.2390403]
[21:18:11] [DEBUG] Camera Position: [0.96088433, 0, -1.2390403]
[21:18:11] [DEBUG] Camera Position: [1.2943339, 0, -1.2390403]
[21:18:12] [DEBUG] Camera Position: [1.5000516, 0, -1.2390403]
[21:18:12] [DEBUG] Camera Position: [1.1669451, 0, -1.2390403]
[21:18:12] [DEBUG] Camera Position: [0.83346593, 0, -1.2390403]
[21:18:13] [DEBUG] Camera Position: [0.54446363, 0, -1.2390403]
[21:18:13] [DEBUG] Camera Position: [0.54446363, 0, -1.2390403]
[21:18:13] [DEBUG] Camera Position: [0.54446363, 0, -1.2390403]
[21:18:14] [DEBUG] Camera Position: [0.54446363, 0, -1.2390403]
[21:18:14] [DEBUG] Camera Position: [0.54446363, 0, -1.2390403]
[21:18:14] [DEBUG] Camera Position: [0.54446363, 0, -1.2390403]
[21:18:15] [DEBUG] Camera Position: [0.54446363, 0, -1.2390403]
[21:18:15] [DEBUG] Camera Position: [0.54446363, 0, -1.2390403]
[21:18:15] [DEBUG] Camera Position: [0.54446363, 0, -1.2390403]
[21:18:16] [DEBUG] Camera Position: [0.54446363, 0, -1.2390403]
[21:18:16] [DEBUG] Camera Position: [0.54446363, 0, -1.2390403]
[21:18:16] [DEBUG] Camera Position: [0.54446363, 0, -1.2390403]
[21:18:17] [DEBUG] Camera Position: [0.54446363, 0, -1.2390403]
[21:18:17] [DEBUG] Camera Position: [0.54446363, 0, -1.2390403]
[21:18:17] [DEBUG] Camera Position: [0.54446363, 0, -1.2390403]
[21:18:18] [DEBUG] Camera Position: [0.54446363, 0, -1.2390403]
